# JRE version: OpenJDK Runtime Environment (15.0.2+7) (build 15.0.2+7-27)
# Java VM: OpenJDK 64-Bit Server VM (15.0.2+7-27, mixed mode, tiered, compressed oops, g1 gc, windows-amd64)
GC Precious Log:
 CPUs: 4 total, 4 available
 Memory: 8077M
 Large Page Support: Disabled
 NUMA Support: Disabled
 Compressed Oops: Enabled (32-bit)
 Heap Region Size: 1M
 Heap Min Capacity: 256M
 Heap Initial Capacity: 256M
 Heap Max Capacity: 2G
 Pre-touch: Disabled
 Parallel Workers: 4
 Concurrent Workers: 1
 Concurrent Refinement Workers: 4
 Periodic GC: Disabled
Heap:
 garbage-first heap   total 262144K, used 148253K [0x0000000080000000, 0x0000000100000000)
  region size 1024K, 59 young (60416K), 2 survivors (2048K)
 Metaspace       used 102996K, capacity 111805K, committed 111880K, reserved 1146880K
  class space    used 11685K, capacity 14534K, committed 14592K, reserved 1048576K
GC Heap History (20 events):
Event: 13.474 GC heap before
{Heap before GC invocations=8 (full 0):
 garbage-first heap   total 262144K, used 55664K [0x0000000080000000, 0x0000000100000000)
  region size 1024K, 38 young (38912K), 14 survivors (14336K)
 Metaspace       used 54586K, capacity 60166K, committed 60296K, reserved 1101824K
  class space    used 5964K, capacity 7744K, committed 7808K, reserved 1048576K
}
Event: 13.499 GC heap after
{Heap after GC invocations=9 (full 0):
 garbage-first heap   total 262144K, used 35626K [0x0000000080000000, 0x0000000100000000)
  region size 1024K, 4 young (4096K), 4 survivors (4096K)
 Metaspace       used 54586K, capacity 60166K, committed 60296K, reserved 1101824K
  class space    used 5964K, capacity 7744K, committed 7808K, reserved 1048576K
}
Event: 18.248 GC heap before
{Heap before GC invocations=10 (full 0):
 garbage-first heap   total 262144K, used 184106K [0x0000000080000000, 0x0000000100000000)
  region size 1024K, 143 young (146432K), 4 survivors (4096K)
 Metaspace       used 80420K, capacity 87698K, committed 87944K, reserved 1126400K
  class space    used 9161K, capacity 11352K, committed 11392K, reserved 1048576K
}
Event: 18.270 GC heap after
{Heap after GC invocations=11 (full 0):
 garbage-first heap   total 262144K, used 52833K [0x0000000080000000, 0x0000000100000000)
  region size 1024K, 15 young (15360K), 15 survivors (15360K)
 Metaspace       used 80420K, capacity 87698K, committed 87944K, reserved 1126400K
  class space    used 9161K, capacity 11352K, committed 11392K, reserved 1048576K
}
Event: 28.371 GC heap before
{Heap before GC invocations=12 (full 0):
 garbage-first heap   total 262144K, used 195169K [0x0000000080000000, 0x0000000100000000)
  region size 1024K, 142 young (145408K), 15 survivors (15360K)
 Metaspace       used 92188K, capacity 100420K, committed 100488K, reserved 1136640K
  class space    used 10605K, capacity 13178K, committed 13184K, reserved 1048576K
}
Event: 28.398 GC heap after
{Heap after GC invocations=13 (full 0):
 garbage-first heap   total 262144K, used 69456K [0x0000000080000000, 0x0000000100000000)
  region size 1024K, 15 young (15360K), 15 survivors (15360K)
 Metaspace       used 92188K, capacity 100420K, committed 100488K, reserved 1136640K
  class space    used 10605K, capacity 13178K, committed 13184K, reserved 1048576K
}
Event: 3486.280 GC heap before
{Heap before GC invocations=13 (full 0):
 garbage-first heap   total 262144K, used 195408K [0x0000000080000000, 0x0000000100000000)
  region size 1024K, 134 young (137216K), 15 survivors (15360K)
 Metaspace       used 94716K, capacity 103031K, committed 103176K, reserved 1138688K
  class space    used 10830K, capacity 13521K, committed 13568K, reserved 1048576K
}
Event: 3486.309 GC heap after
{Heap after GC invocations=14 (full 0):
 garbage-first heap   total 262144K, used 69120K [0x0000000080000000, 0x0000000100000000)
  region size 1024K, 6 young (6144K), 6 survivors (6144K)
 Metaspace       used 94716K, capacity 103031K, committed 103176K, reserved 1138688K
  class space    used 10830K, capacity 13521K, committed 13568K, reserved 1048576K
}
Event: 3702.159 GC heap before
{Heap before GC invocations=14 (full 0):
 garbage-first heap   total 262144K, used 198144K [0x0000000080000000, 0x0000000100000000)
  region size 1024K, 133 young (136192K), 6 survivors (6144K)
 Metaspace       used 98597K, capacity 107383K, committed 107528K, reserved 1142784K
  class space    used 11206K, capacity 14008K, committed 14080K, reserved 1048576K
}
Event: 3702.170 GC heap after
{Heap after GC invocations=15 (full 0):
 garbage-first heap   total 262144K, used 73716K [0x0000000080000000, 0x0000000100000000)
  region size 1024K, 10 young (10240K), 10 survivors (10240K)
 Metaspace       used 98597K, capacity 107383K, committed 107528K, reserved 1142784K
  class space    used 11206K, capacity 14008K, committed 14080K, reserved 1048576K
}
Event: 3843.729 GC heap before
{Heap before GC invocations=15 (full 0):
 garbage-first heap   total 262144K, used 202740K [0x0000000080000000, 0x0000000100000000)
  region size 1024K, 137 young (140288K), 10 survivors (10240K)
 Metaspace       used 101125K, capacity 109991K, committed 110088K, reserved 1144832K
  class space    used 11495K, capacity 14321K, committed 14336K, reserved 1048576K
}
Event: 3843.759 GC heap after
{Heap after GC invocations=16 (full 0):
 garbage-first heap   total 262144K, used 84421K [0x0000000080000000, 0x0000000100000000)
  region size 1024K, 18 young (18432K), 18 survivors (18432K)
 Metaspace       used 101125K, capacity 109991K, committed 110088K, reserved 1144832K
  class space    used 11495K, capacity 14321K, committed 14336K, reserved 1048576K
}
Event: 3867.325 GC heap before
{Heap before GC invocations=16 (full 0):
 garbage-first heap   total 262144K, used 202181K [0x0000000080000000, 0x0000000100000000)
  region size 1024K, 134 young (137216K), 18 survivors (18432K)
 Metaspace       used 101317K, capacity 110231K, committed 110344K, reserved 1144832K
  class space    used 11502K, capacity 14329K, committed 14336K, reserved 1048576K
}
Event: 3867.345 GC heap after
{Heap after GC invocations=17 (full 0):
 garbage-first heap   total 262144K, used 91354K [0x0000000080000000, 0x0000000100000000)
  region size 1024K, 9 young (9216K), 9 survivors (9216K)
 Metaspace       used 101317K, capacity 110231K, committed 110344K, reserved 1144832K
  class space    used 11502K, capacity 14329K, committed 14336K, reserved 1048576K
}
Event: 3868.002 GC heap before
{Heap before GC invocations=17 (full 0):
 garbage-first heap   total 262144K, used 203994K [0x0000000080000000, 0x0000000100000000)
  region size 1024K, 120 young (122880K), 9 survivors (9216K)
 Metaspace       used 101402K, capacity 110359K, committed 110600K, reserved 1146880K
  class space    used 11506K, capacity 14329K, committed 14336K, reserved 1048576K
}
Event: 3868.016 GC heap after
{Heap after GC invocations=18 (full 0):
 garbage-first heap   total 262144K, used 95744K [0x0000000080000000, 0x0000000100000000)
  region size 1024K, 5 young (5120K), 5 survivors (5120K)
 Metaspace       used 101402K, capacity 110359K, committed 110600K, reserved 1146880K
  class space    used 11506K, capacity 14329K, committed 14336K, reserved 1048576K
}
Event: 3868.840 GC heap before
{Heap before GC invocations=18 (full 0):
 garbage-first heap   total 262144K, used 207360K [0x0000000080000000, 0x0000000100000000)
  region size 1024K, 115 young (117760K), 5 survivors (5120K)
 Metaspace       used 101427K, capacity 110359K, committed 110600K, reserved 1146880K
  class space    used 11506K, capacity 14329K, committed 14336K, reserved 1048576K
}
Event: 3868.843 GC heap after
{Heap after GC invocations=19 (full 0):
 garbage-first heap   total 262144K, used 92173K [0x0000000080000000, 0x0000000100000000)
  region size 1024K, 2 young (2048K), 2 survivors (2048K)
 Metaspace       used 101427K, capacity 110359K, committed 110600K, reserved 1146880K
  class space    used 11506K, capacity 14329K, committed 14336K, reserved 1048576K
}
Event: 3894.713 GC heap before
{Heap before GC invocations=19 (full 0):
 garbage-first heap   total 262144K, used 209933K [0x0000000080000000, 0x0000000100000000)
  region size 1024K, 118 young (120832K), 2 survivors (2048K)
 Metaspace       used 101840K, capacity 110661K, committed 110984K, reserved 1146880K
  class space    used 11538K, capacity 14366K, committed 14464K, reserved 1048576K
}
Event: 3894.717 GC heap after
{Heap after GC invocations=20 (full 0):
 garbage-first heap   total 262144K, used 91933K [0x0000000080000000, 0x0000000100000000)
  region size 1024K, 2 young (2048K), 2 survivors (2048K)
 Metaspace       used 101840K, capacity 110661K, committed 110984K, reserved 1146880K
  class space    used 11538K, capacity 14366K, committed 14464K, reserved 1048576K
}

